This file contains any messages produced by compilers while
running configure, to aid debugging if configure makes a mistake.

It was created by DEA configure 1.4, which was
generated by GNU Autoconf 2.68.  Invocation command line was

  $ ./configure 

## --------- ##
## Platform. ##
## --------- ##

hostname = ubuntu
uname -m = i686
uname -r = 3.2.0-29-generic-pae
uname -s = Linux
uname -v = #46-Ubuntu SMP Fri Jul 27 17:25:43 UTC 2012

/usr/bin/uname -p = unknown
/bin/uname -X     = unknown

/bin/arch              = unknown
/usr/bin/arch -k       = unknown
/usr/convex/getsysinfo = unknown
/usr/bin/hostinfo      = unknown
/bin/machine           = unknown
/usr/bin/oslevel       = unknown
/bin/universe          = unknown

PATH: /home/yj/perl5/bin
PATH: /home/yj/perl5/bin
PATH: /usr/lib/lightdm/lightdm
PATH: /usr/local/sbin
PATH: /usr/local/bin
PATH: /usr/sbin
PATH: /usr/bin
PATH: /sbin
PATH: /bin
PATH: /usr/games
PATH: /usr/lib/jvm/jdk1.6.0_33//bin
PATH: /usr/lib/jvm/jdk1.6.0_33//jre/bin


## ----------- ##
## Core tests. ##
## ----------- ##

configure:1722: checking for a BSD-compatible install
configure:1790: result: /usr/bin/install -c
configure:1801: checking whether build environment is sane
configure:1851: result: yes
configure:1992: checking for a thread-safe mkdir -p
configure:2031: result: /bin/mkdir -p
configure:2044: checking for gawk
configure:2060: found /usr/bin/gawk
configure:2071: result: gawk
configure:2082: checking whether make sets $(MAKE)
configure:2104: result: yes
configure:2340: creating ./config.status

## ---------------------- ##
## Running config.status. ##
## ---------------------- ##

This file was extended by DEA config.status 1.4, which was
generated by GNU Autoconf 2.68.  Invocation command line was

  CONFIG_FILES    = 
  CONFIG_HEADERS  = 
  CONFIG_LINKS    = 
  CONFIG_COMMANDS = 
  $ ./config.status 

on ubuntu

config.status:752: creating Makefile
config.status:752: creating lisps/Makefile
config.status:752: creating my-lisps/Makefile

## ---------------- ##
## Cache variables. ##
## ---------------- ##

ac_cv_env_build_alias_set=
ac_cv_env_build_alias_value=
ac_cv_env_host_alias_set=
ac_cv_env_host_alias_value=
ac_cv_env_target_alias_set=
ac_cv_env_target_alias_value=
ac_cv_path_install='/usr/bin/install -c'
ac_cv_path_mkdir=/bin/mkdir
ac_cv_prog_AWK=gawk
ac_cv_prog_make_make_set=yes

## ----------------- ##
## Output variables. ##
## ----------------- ##

ACLOCAL='${SHELL} /home/yj/Build/dea-1.4/missing --run aclocal-1.11'
AMTAR='$${TAR-tar}'
AUTOCONF='${SHELL} /home/yj/Build/dea-1.4/missing --run autoconf'
AUTOHEADER='${SHELL} /home/yj/Build/dea-1.4/missing --run autoheader'
AUTOMAKE='${SHELL} /home/yj/Build/dea-1.4/missing --run automake-1.11'
AWK='gawk'
CYGPATH_W='echo'
DEFS='-DPACKAGE_NAME=\"DEA\" -DPACKAGE_TARNAME=\"dea\" -DPACKAGE_VERSION=\"1.4\" -DPACKAGE_STRING=\"DEA\ 1.4\" -DPACKAGE_BUGREPORT=\"ahei0802@gmail.com\" -DPACKAGE_URL=\"\" -DPACKAGE=\"DEA\" -DVERSION=\"1.4\"'
ECHO_C=''
ECHO_N='-n'
ECHO_T=''
INSTALL_DATA='${INSTALL} -m 644'
INSTALL_PROGRAM='${INSTALL}'
INSTALL_SCRIPT='${INSTALL}'
INSTALL_STRIP_PROGRAM='$(install_sh) -c -s'
LIBOBJS=''
LIBS=''
LTLIBOBJS=''
MAKEINFO='${SHELL} /home/yj/Build/dea-1.4/missing --run makeinfo'
MKDIR_P='/bin/mkdir -p'
PACKAGE='DEA'
PACKAGE_BUGREPORT='ahei0802@gmail.com'
PACKAGE_NAME='DEA'
PACKAGE_STRING='DEA 1.4'
PACKAGE_TARNAME='dea'
PACKAGE_URL=''
PACKAGE_VERSION='1.4'
PATH_SEPARATOR=':'
SET_MAKE=''
SHELL='/bin/bash'
STRIP=''
VERSION='1.4'
am__isrc=''
am__leading_dot='.'
am__tar='$${TAR-tar} chof - "$$tardir"'
am__untar='$${TAR-tar} xf -'
bindir='${exec_prefix}/bin'
build_alias=''
datadir='${datarootdir}'
datarootdir='${prefix}/share'
docdir='${datarootdir}/doc/${PACKAGE_TARNAME}'
dvidir='${docdir}'
exec_prefix='${prefix}'
host_alias=''
htmldir='${docdir}'
includedir='${prefix}/include'
infodir='${datarootdir}/info'
install_sh='${SHELL} /home/yj/Build/dea-1.4/install-sh'
libdir='${exec_prefix}/lib'
libexecdir='${exec_prefix}/libexec'
localedir='${datarootdir}/locale'
localstatedir='${prefix}/var'
mandir='${datarootdir}/man'
mkdir_p='/bin/mkdir -p'
oldincludedir='/usr/include'
pdfdir='${docdir}'
prefix='/usr/local'
program_transform_name='s,x,x,'
psdir='${docdir}'
sbindir='${exec_prefix}/sbin'
sharedstatedir='${prefix}/com'
sysconfdir='${prefix}/etc'
target_alias=''

## ----------- ##
## confdefs.h. ##
## ----------- ##

/* confdefs.h */
#define PACKAGE_NAME "DEA"
#define PACKAGE_TARNAME "dea"
#define PACKAGE_VERSION "1.4"
#define PACKAGE_STRING "DEA 1.4"
#define PACKAGE_BUGREPORT "ahei0802@gmail.com"
#define PACKAGE_URL ""
#define PACKAGE "DEA"
#define VERSION "1.4"

configure: exit 0
